[debug] [2023-05-20T17:24:14.058Z] ----------------------------------------------------------------------
[debug] [2023-05-20T17:24:14.060Z] Command:       C:\Program Files\nodejs\node.exe C:\Users\Bryant\AppData\Roaming\npm\node_modules\firebase-tools\lib\bin\firebase.js init
[debug] [2023-05-20T17:24:14.060Z] CLI Version:   12.1.0
[debug] [2023-05-20T17:24:14.060Z] Platform:      win32
[debug] [2023-05-20T17:24:14.061Z] Node Version:  v16.15.0
[debug] [2023-05-20T17:24:14.061Z] Time:          Sat May 20 2023 10:24:14 GMT-0700 (Pacific Daylight Time)
[debug] [2023-05-20T17:24:14.062Z] ----------------------------------------------------------------------
[debug] 
[debug] [2023-05-20T17:24:14.064Z] >>> [apiv2][query] GET https://firebase-public.firebaseio.com/cli.json [none]
[debug] [2023-05-20T17:24:14.083Z] > command requires scopes: ["email","openid","https://www.googleapis.com/auth/cloudplatformprojects.readonly","https://www.googleapis.com/auth/firebase","https://www.googleapis.com/auth/cloud-platform"]
[debug] [2023-05-20T17:24:14.083Z] > authorizing via signed-in user (trinhbryant@gmail.com)
[info] 
     ######## #### ########  ######## ########     ###     ######  ########
     ##        ##  ##     ## ##       ##     ##  ##   ##  ##       ##
     ######    ##  ########  ######   ########  #########  ######  ######
     ##        ##  ##    ##  ##       ##     ## ##     ##       ## ##
     ##       #### ##     ## ######## ########  ##     ##  ######  ########

You're about to initialize a Firebase project in this directory:

  C:\Users\Bryant\Desktop\Im-Hungry-App\i-m-hungry-recipe-app

[warn] !  Unable to fetch the CLI MOTD and remote config. 
[debug] [2023-05-20T17:24:14.120Z] Failed to fetch MOTD FirebaseError: Failed to make request to https://firebase-public.firebaseio.com/cli.json
[info] 
=== Project Setup
[info] 
[info] First, let's associate this project directory with a Firebase project.
[info] You can create multiple project aliases by running firebase use --add, 
[info] but for now we'll just set up a default project.
[info] 
[debug] [2023-05-20T17:25:18.332Z] >>> [apiv2][query] GET https://firebase.googleapis.com/v1beta1/projects pageSize=100
[debug] [2023-05-20T17:25:18.874Z] <<< [apiv2][status] GET https://firebase.googleapis.com/v1beta1/projects 200
[debug] [2023-05-20T17:25:18.874Z] <<< [apiv2][body] GET https://firebase.googleapis.com/v1beta1/projects [omitted]
[info] i  Using project i-m-hungry-5be56 (I'm Hungry) 
[info] 
=== Hosting Setup
[info] 
[info] Your public directory is the folder (relative to your project directory) that
[info] will contain Hosting assets to be uploaded with firebase deploy. If you
[info] have a build process for your assets, use your build's output directory.
[info] 
[info] +  Wrote public/404.html 
[debug] [2023-05-20T17:27:28.346Z] >>> [apiv2][query] GET https://www.gstatic.com/firebasejs/releases.json [none]
[debug] [2023-05-20T17:27:28.417Z] <<< [apiv2][status] GET https://www.gstatic.com/firebasejs/releases.json 200
[debug] [2023-05-20T17:27:28.417Z] <<< [apiv2][body] GET https://www.gstatic.com/firebasejs/releases.json {"current":{"version":"9.22.0","browserURL":"https://www.gstatic.com/firebasejs/9.22.0/firebase.js","packageURL":"https://www.gstatic.com/firebasejs/9.22.0/firebase.tgz"},"live":{"version":"9.22","browserURL":"https://www.gstatic.com/firebasejs/live/9.22/firebase.js","packageURL":"https://www.gstatic.com/firebasejs/live/9.22/firebase.tgz"},"components":{"analytics":"https://www.gstatic.com/firebasejs/9.22.0/firebase-analytics.js","app":"https://www.gstatic.com/firebasejs/9.22.0/firebase-app.js","app-check":"https://www.gstatic.com/firebasejs/9.22.0/firebase-app-check.js","auth":"https://www.gstatic.com/firebasejs/9.22.0/firebase-auth.js","auth/cordova":"https://www.gstatic.com/firebasejs/9.22.0/firebase-auth/cordova.js","auth/react-native":"https://www.gstatic.com/firebasejs/9.22.0/firebase-auth/react-native.js","functions":"https://www.gstatic.com/firebasejs/9.22.0/firebase-functions.js","firestore":"https://www.gstatic.com/firebasejs/9.22.0/firebase-firestore.js","firestore/lite":"https://www.gstatic.com/firebasejs/9.22.0/firebase-firestore/lite.js","installations":"https://www.gstatic.com/firebasejs/9.22.0/firebase-installations.js","storage":"https://www.gstatic.com/firebasejs/9.22.0/firebase-storage.js","performance":"https://www.gstatic.com/firebasejs/9.22.0/firebase-performance.js","remote-config":"https://www.gstatic.com/firebasejs/9.22.0/firebase-remote-config.js","messaging":"https://www.gstatic.com/firebasejs/9.22.0/firebase-messaging.js","messaging/sw":"https://www.gstatic.com/firebasejs/9.22.0/firebase-messaging/sw.js","database":"https://www.gstatic.com/firebasejs/9.22.0/firebase-database.js","firestore.memory":"https://www.gstatic.com/firebasejs/9.22.0/firebase-firestore.memory.js"}}
[info] +  Wrote public/index.html 
[info] 
[info] i  Detected a .git folder at C:\Users\Bryant\Desktop\Im-Hungry-App\i-m-hungry-recipe-app 
[info] i  Authorizing with GitHub to upload your service account to a GitHub repository's secrets store. 
[info] 
[info] Visit this URL on this device to log in:
[info] https://github.com/login/oauth/authorize?client_id=89cf50f02ac6aaed3484&state=706192972&redirect_uri=http%3A%2F%2Flocalhost%3A9005&scope=read%3Auser%20repo%20public_repo
[info] 
[info] Waiting for authentication...
[debug] [2023-05-20T17:27:33.578Z] >>> [apiv2][query] POST https://github.com/login/oauth/access_token [none]
[debug] [2023-05-20T17:27:33.578Z] >>> [apiv2][body] POST https://github.com/login/oauth/access_token [stream]
[debug] [2023-05-20T17:27:33.927Z] <<< [apiv2][status] POST https://github.com/login/oauth/access_token 200
[debug] [2023-05-20T17:27:33.927Z] <<< [apiv2][body] POST https://github.com/login/oauth/access_token {"access_token":"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","token_type":"bearer","scope":"read:user,repo"}
[debug] [2023-05-20T17:27:33.932Z] >>> [apiv2][query] GET https://api.github.com/user [none]
[debug] [2023-05-20T17:27:34.276Z] <<< [apiv2][status] GET https://api.github.com/user 200
[debug] [2023-05-20T17:27:34.276Z] <<< [apiv2][body] GET https://api.github.com/user {"login":"BryantTrinh","id":20953372,"node_id":"MDQ6VXNlcjIwOTUzMzcy","avatar_url":"https://avatars.githubusercontent.com/u/20953372?v=4","gravatar_id":"","url":"https://api.github.com/users/BryantTrinh","html_url":"https://github.com/BryantTrinh","followers_url":"https://api.github.com/users/BryantTrinh/followers","following_url":"https://api.github.com/users/BryantTrinh/following{/other_user}","gists_url":"https://api.github.com/users/BryantTrinh/gists{/gist_id}","starred_url":"https://api.github.com/users/BryantTrinh/starred{/owner}{/repo}","subscriptions_url":"https://api.github.com/users/BryantTrinh/subscriptions","organizations_url":"https://api.github.com/users/BryantTrinh/orgs","repos_url":"https://api.github.com/users/BryantTrinh/repos","events_url":"https://api.github.com/users/BryantTrinh/events{/privacy}","received_events_url":"https://api.github.com/users/BryantTrinh/received_events","type":"User","site_admin":false,"name":"Bryant T.","company":null,"blog":"https://www.bryanttrinh.com/","location":"Orange County, CA","email":"trinhbryant@gmail.com","hireable":null,"bio":"I am a full stack web developer with a passion for JavaScript.","twitter_username":null,"public_repos":26,"public_gists":0,"followers":0,"following":0,"created_at":"2016-08-10T16:18:59Z","updated_at":"2023-05-13T20:58:14Z","private_gists":0,"total_private_repos":1,"owned_private_repos":1,"disk_usage":306323,"collaborators":0,"two_factor_authentication":false,"plan":{"name":"pro","space":976562499,"collaborators":0,"private_repos":9999}}
[info] 
[info] +  Success! Logged into GitHub as BryantTrinh 
[info] 
[debug] [2023-05-20T17:28:08.417Z] >>> [apiv2][query] GET https://api.github.com/repos/monysary/i-m-hungry-app/actions/secrets/public-key type=owner
[debug] [2023-05-20T17:28:08.706Z] <<< [apiv2][status] GET https://api.github.com/repos/monysary/i-m-hungry-app/actions/secrets/public-key 404
[debug] [2023-05-20T17:28:08.706Z] <<< [apiv2][body] GET https://api.github.com/repos/monysary/i-m-hungry-app/actions/secrets/public-key {"message":"Not Found","documentation_url":"https://docs.github.com/rest/reference/actions#get-a-repository-public-key"}
[info] 
[info] 
[error] !  The provided authorization cannot be used with this repository. If this repository is in an organization, did you remember to grant access? 
[info] 
[info] i  Action required: Visit this URL to ensure access has been granted to the appropriate organization(s) for the Firebase CLI GitHub OAuth App: 
[info] https://github.com/settings/connections/applications/89cf50f02ac6aaed3484
[info] 
[debug] [2023-05-20T17:28:27.119Z] >>> [apiv2][query] GET https://api.github.com/repos/monysary/i-m-hungry-app/actions/secrets/public-key type=owner
[debug] [2023-05-20T17:28:27.404Z] <<< [apiv2][status] GET https://api.github.com/repos/monysary/i-m-hungry-app/actions/secrets/public-key 404
[debug] [2023-05-20T17:28:27.404Z] <<< [apiv2][body] GET https://api.github.com/repos/monysary/i-m-hungry-app/actions/secrets/public-key {"message":"Not Found","documentation_url":"https://docs.github.com/rest/reference/actions#get-a-repository-public-key"}
[info] 
[info] 
[error] !  The provided authorization cannot be used with this repository. If this repository is in an organization, did you remember to grant access? 
[info] 
[info] i  Action required: Visit this URL to ensure access has been granted to the appropriate organization(s) for the Firebase CLI GitHub OAuth App: 
[info] https://github.com/settings/connections/applications/89cf50f02ac6aaed3484
[info] 
